0 info it worked if it ends with ok
1 verbose cli [ '/Users/morlay/.nvm/v0.10.30/bin/node',
1 verbose cli   '/Users/morlay/.nvm/v0.10.30/bin/npm',
1 verbose cli   'run',
1 verbose cli   'dev-ops' ]
2 info using npm@1.4.21
3 info using node@v0.10.30
4 verbose run-script [ 'predev-ops', 'dev-ops', 'postdev-ops' ]
5 info predev-ops node-demo@0.0.0
6 info dev-ops node-demo@0.0.0
7 verbose unsafe-perm in lifecycle true
8 info node-demo@0.0.0 Failed to exec dev-ops script
9 error node-demo@0.0.0 dev-ops: `cleaver watch ./presentations/dev-ops.md`
9 error Exit status 1
10 error Failed at the node-demo@0.0.0 dev-ops script.
10 error This is most likely a problem with the node-demo package,
10 error not with npm itself.
10 error Tell the author that this fails on your system:
10 error     cleaver watch ./presentations/dev-ops.md
10 error You can get their info via:
10 error     npm owner ls node-demo
10 error There is likely additional logging output above.
11 error System Darwin 13.3.0
12 error command "/Users/morlay/.nvm/v0.10.30/bin/node" "/Users/morlay/.nvm/v0.10.30/bin/npm" "run" "dev-ops"
13 error cwd /Users/morlay/gitRepo/node-demo
14 error node -v v0.10.30
15 error npm -v 1.4.21
16 error code ELIFECYCLE
17 verbose exit [ 1, true ]
